Using pre-set license
Built from '2020.3/staging' branch; Version is '2020.3.17f1 (a4537701e4ab) revision 10769271'; Using compiler version '192528614'; Build Type 'Release'
OS: 'Windows 10 Home; OS build 19042.1237; Version 2009; 64bit' Language: 'fr' Physical Memory: 32610 MB
BatchMode: 1, IsHumanControllingUs: 0, StartBugReporterOnCrash: 0, Is64bit: 1, IsPro: 0

COMMAND LINE ARGUMENTS:
C:\Program Files\Unity\Hub\Editor\2020.3.17f1\Editor\Unity.exe
-adb2
-batchMode
-noUpm
-name
AssetImportWorker0
-projectPath
D:/GIT Projet Console/ProtoConsole
-logFile
Logs/AssetImportWorker0.log
-srvPort
49335
Successfully changed project path to: D:/GIT Projet Console/ProtoConsole
D:/GIT Projet Console/ProtoConsole
Using Asset Import Pipeline V2.
Refreshing native plugins compatible for Editor in 104.97 ms, found 2 plugins.
Preloading 0 native plugins for Editor in 0.00 ms.
Initialize engine version: 2020.3.17f1 (a4537701e4ab)
[Subsystems] Discovering subsystems at path C:/Program Files/Unity/Hub/Editor/2020.3.17f1/Editor/Data/Resources/UnitySubsystems
[Subsystems] Discovering subsystems at path D:/GIT Projet Console/ProtoConsole/Assets
GfxDevice: creating device client; threaded=0
Direct3D:
    Version:  Direct3D 11.0 [level 11.1]
    Renderer: NVIDIA GeForce RTX 2060 (ID=0x1f11)
    Vendor:   
    VRAM:     5980 MB
    Driver:   30.0.14.7196
Initialize mono
Mono path[0] = 'C:/Program Files/Unity/Hub/Editor/2020.3.17f1/Editor/Data/Managed'
Mono path[1] = 'C:/Program Files/Unity/Hub/Editor/2020.3.17f1/Editor/Data/MonoBleedingEdge/lib/mono/unityjit'
Mono config path = 'C:/Program Files/Unity/Hub/Editor/2020.3.17f1/Editor/Data/MonoBleedingEdge/etc'
Using monoOptions --debugger-agent=transport=dt_socket,embedding=1,server=y,suspend=n,address=127.0.0.1:56204
Begin MonoManager ReloadAssembly
Registering precompiled unity dll's ...
Register platform support module: C:/Program Files/Unity/Hub/Editor/2020.3.17f1/Editor/Data/PlaybackEngines/WebGLSupport/UnityEditor.WebGL.Extensions.dll
Register platform support module: C:/Program Files/Unity/Hub/Editor/2020.3.17f1/Editor/Data/PlaybackEngines/WindowsStandaloneSupport/UnityEditor.WindowsStandalone.Extensions.dll
Registered in 0.203828 seconds.
Native extension for WindowsStandalone target not found
Native extension for WebGL target not found
Refreshing native plugins compatible for Editor in 31.83 ms, found 2 plugins.
Preloading 0 native plugins for Editor in 0.00 ms.
Unable to find bridge dll on disk for Microsoft Visual Studio Tools for Unity for C:\Program Files (x86)\Microsoft Visual Studio Tools for Unity\16.0\Editor\SyntaxTree.VisualStudio.Unity.Bridge.dll
Mono: successfully reloaded assembly
- Completed reload, in  4.761 seconds
Domain Reload Profiling:
	ReloadAssembly (4761ms)
		BeginReloadAssembly (2329ms)
			ExecutionOrderSort (0ms)
			DisableScriptedObjects (0ms)
			BackupInstance (0ms)
			ReleaseScriptingObjects (0ms)
			CreateAndSetChildDomain (1ms)
		EndReloadAssembly (641ms)
			LoadAssemblies (2331ms)
			RebuildTransferFunctionScriptingTraits (0ms)
			SetupTypeCache (379ms)
			ReleaseScriptCaches (0ms)
			RebuildScriptCaches (28ms)
			SetupLoadedEditorAssemblies (154ms)
				LogAssemblyErrors (0ms)
				InitializePlatformSupportModulesInManaged (4ms)
				SetLoadedEditorAssemblies (0ms)
				RefreshPlugins (32ms)
				BeforeProcessingInitializeOnLoad (15ms)
				ProcessInitializeOnLoadAttributes (71ms)
				ProcessInitializeOnLoadMethodAttributes (30ms)
				AfterProcessingInitializeOnLoad (0ms)
				EditorAssembliesLoaded (0ms)
			ExecutionOrderSort2 (0ms)
			AwakeInstancesAfterBackupRestoration (0ms)
Platform modules already initialized, skipping
Registering precompiled user dll's ...
Registered in 0.496628 seconds.
Begin MonoManager ReloadAssembly
Native extension for WindowsStandalone target not found
Native extension for WebGL target not found
Refreshing native plugins compatible for Editor in 0.34 ms, found 2 plugins.
Preloading 0 native plugins for Editor in 0.00 ms.
Mono: successfully reloaded assembly
- Completed reload, in  3.454 seconds
Domain Reload Profiling:
	ReloadAssembly (3460ms)
		BeginReloadAssembly (134ms)
			ExecutionOrderSort (0ms)
			DisableScriptedObjects (4ms)
			BackupInstance (0ms)
			ReleaseScriptingObjects (0ms)
			CreateAndSetChildDomain (17ms)
		EndReloadAssembly (3265ms)
			LoadAssemblies (1678ms)
			RebuildTransferFunctionScriptingTraits (0ms)
			SetupTypeCache (890ms)
			ReleaseScriptCaches (0ms)
			RebuildScriptCaches (41ms)
			SetupLoadedEditorAssemblies (554ms)
				LogAssemblyErrors (0ms)
				InitializePlatformSupportModulesInManaged (5ms)
				SetLoadedEditorAssemblies (0ms)
				RefreshPlugins (0ms)
				BeforeProcessingInitializeOnLoad (85ms)
				ProcessInitializeOnLoadAttributes (449ms)
				ProcessInitializeOnLoadMethodAttributes (5ms)
				AfterProcessingInitializeOnLoad (8ms)
				EditorAssembliesLoaded (0ms)
			ExecutionOrderSort2 (0ms)
			AwakeInstancesAfterBackupRestoration (6ms)
Platform modules already initialized, skipping
========================================================================
Worker process is ready to serve import requests
Launched and connected shader compiler UnityShaderCompiler.exe after 0.10 seconds
Refreshing native plugins compatible for Editor in 0.34 ms, found 2 plugins.
Preloading 0 native plugins for Editor in 0.00 ms.
Unloading 1763 Unused Serialized files (Serialized files now loaded: 0)
System memory in use before: 81.5 MB.
System memory in use after: 81.6 MB.

Unloading 19 unused Assets to reduce memory usage. Loaded Objects now: 2197.
Total: 3.195300 ms (FindLiveObjects: 0.262800 ms CreateObjectMapping: 0.116300 ms MarkObjects: 2.712200 ms  DeleteObjects: 0.102700 ms)

AssetImportParameters requested are different than current active one (requested -> active):
  custom:framework-win-MediaFoundation: 216162199b28c13a410421893ffa2e32 -> 
  custom:video-decoder-ogg-theora: a1e56fd34408186e4bbccfd4996cb3dc -> 
  custom:container-muxer-webm: aa71ff27fc2769a1b78a27578f13a17b -> 
  custom:container-demuxer-webm: 4f35f7cbe854078d1ac9338744f61a02 -> 
  custom:container-demuxer-ogg: 62fdf1f143b41e24485cea50d1cbac27 -> 
  custom:video-encoder-webm-vp8: eb34c28f22e8b96e1ab97ce403110664 -> 
  custom:video-decoder-webm-vp8: 9c59270c3fd7afecdb556c50c9e8de78 -> 
  custom:audio-decoder-ogg-vorbis: bf7c407c2cedff20999df2af8eb42d56 -> 
  custom:audio-encoder-webm-vorbis: bf7c407c2cedff20999df2af8eb42d56 -> 
========================================================================
Received Import Request.
  path: Assets/Prefabs/Lighsaber.prefab
  artifactKey: Guid(ca6bd3aee076f4f888edcb4a6b2a6d00) Importer(815301076,1909f56bfc062723c751e8b465ee728b)
Start importing Assets/Prefabs/Lighsaber.prefab using Guid(ca6bd3aee076f4f888edcb4a6b2a6d00) Importer(815301076,1909f56bfc062723c751e8b465ee728b)  -> (artifact id: '15d1fd897f5686cd558843cc77343fab') in 0.116994 seconds 
  Import took 0.119577 seconds .

========================================================================
Received Import Request.
  Time since last request: 27.017587 seconds.
  path: Assets/Prefabs/Canvas.prefab
  artifactKey: Guid(9d19c09a634af1e4abaac51143369f53) Importer(815301076,1909f56bfc062723c751e8b465ee728b)
Start importing Assets/Prefabs/Canvas.prefab using Guid(9d19c09a634af1e4abaac51143369f53) Importer(815301076,1909f56bfc062723c751e8b465ee728b)  -> (artifact id: '21de4323127eaa91ecd10954e456f217') in 0.009477 seconds 
  Import took 0.012459 seconds .

========================================================================
Received Import Request.
  Time since last request: 0.018709 seconds.
  path: Assets/Prefabs/Canvas.prefab
  artifactKey: Guid(9d19c09a634af1e4abaac51143369f53) Importer(815301076,1909f56bfc062723c751e8b465ee728b)
Start importing Assets/Prefabs/Canvas.prefab using Guid(9d19c09a634af1e4abaac51143369f53) Importer(815301076,1909f56bfc062723c751e8b465ee728b)  -> (artifact id: '21de4323127eaa91ecd10954e456f217') in 0.003961 seconds 
  Import took 0.007187 seconds .

========================================================================
Received Import Request.
  Time since last request: 7.775511 seconds.
  path: Assets/Prefabs/TitleCard.prefab
  artifactKey: Guid(9d19c09a634af1e4abaac51143369f53) Importer(815301076,1909f56bfc062723c751e8b465ee728b)
Start importing Assets/Prefabs/TitleCard.prefab using Guid(9d19c09a634af1e4abaac51143369f53) Importer(815301076,1909f56bfc062723c751e8b465ee728b)  -> (artifact id: 'e8cd708798429dc99935515f26419f59') in 0.007333 seconds 
  Import took 0.009892 seconds .

========================================================================
Received Import Request.
  Time since last request: 0.008216 seconds.
  path: Assets/Prefabs/TitleCard.prefab
  artifactKey: Guid(9d19c09a634af1e4abaac51143369f53) Importer(815301076,1909f56bfc062723c751e8b465ee728b)
Start importing Assets/Prefabs/TitleCard.prefab using Guid(9d19c09a634af1e4abaac51143369f53) Importer(815301076,1909f56bfc062723c751e8b465ee728b)  -> (artifact id: 'e8cd708798429dc99935515f26419f59') in 0.004329 seconds 
  Import took 0.007252 seconds .

========================================================================
Received Import Request.
  Time since last request: 782.847163 seconds.
  path: Assets/Prefabs/TitleCard.prefab
  artifactKey: Guid(9d19c09a634af1e4abaac51143369f53) Importer(815301076,1909f56bfc062723c751e8b465ee728b)
Start importing Assets/Prefabs/TitleCard.prefab using Guid(9d19c09a634af1e4abaac51143369f53) Importer(815301076,1909f56bfc062723c751e8b465ee728b)  -> (artifact id: '0d4f50d2789e46a93e369c02b9df6458') in 0.020312 seconds 
  Import took 0.023452 seconds .

========================================================================
Received Import Request.
  Time since last request: 9.221033 seconds.
  path: Assets/Prefabs/TitleCard.prefab
  artifactKey: Guid(9d19c09a634af1e4abaac51143369f53) Importer(815301076,1909f56bfc062723c751e8b465ee728b)
Start importing Assets/Prefabs/TitleCard.prefab using Guid(9d19c09a634af1e4abaac51143369f53) Importer(815301076,1909f56bfc062723c751e8b465ee728b)  -> (artifact id: '0812a009aaab2ba85e27e13724886912') in 0.041467 seconds 
  Import took 0.044091 seconds .

========================================================================
Received Import Request.
  Time since last request: 1.560137 seconds.
  path: Assets/Prefabs/TitleCard.prefab
  artifactKey: Guid(9d19c09a634af1e4abaac51143369f53) Importer(815301076,1909f56bfc062723c751e8b465ee728b)
Start importing Assets/Prefabs/TitleCard.prefab using Guid(9d19c09a634af1e4abaac51143369f53) Importer(815301076,1909f56bfc062723c751e8b465ee728b)  -> (artifact id: 'c9a1c6aa4f0b024af2ef5809c9fe78d1') in 0.026070 seconds 
  Import took 0.028662 seconds .

========================================================================
Received Import Request.
  Time since last request: 4.392551 seconds.
  path: Assets/Prefabs/TitleCard.prefab
  artifactKey: Guid(9d19c09a634af1e4abaac51143369f53) Importer(815301076,1909f56bfc062723c751e8b465ee728b)
Start importing Assets/Prefabs/TitleCard.prefab using Guid(9d19c09a634af1e4abaac51143369f53) Importer(815301076,1909f56bfc062723c751e8b465ee728b)  -> (artifact id: '3a78a33f409b07305f5d919e678e54cd') in 0.020910 seconds 
  Import took 0.023652 seconds .

========================================================================
Received Import Request.
  Time since last request: 1.789341 seconds.
  path: Assets/Prefabs/TitleCard.prefab
  artifactKey: Guid(9d19c09a634af1e4abaac51143369f53) Importer(815301076,1909f56bfc062723c751e8b465ee728b)
Start importing Assets/Prefabs/TitleCard.prefab using Guid(9d19c09a634af1e4abaac51143369f53) Importer(815301076,1909f56bfc062723c751e8b465ee728b)  -> (artifact id: 'bd14cd958529cd812bfddf07c3ffbb16') in 0.021642 seconds 
  Import took 0.024530 seconds .

========================================================================
Received Import Request.
  Time since last request: 9.864821 seconds.
  path: Assets/Prefabs/TitleCard.prefab
  artifactKey: Guid(9d19c09a634af1e4abaac51143369f53) Importer(815301076,1909f56bfc062723c751e8b465ee728b)
Start importing Assets/Prefabs/TitleCard.prefab using Guid(9d19c09a634af1e4abaac51143369f53) Importer(815301076,1909f56bfc062723c751e8b465ee728b)  -> (artifact id: '6cd943ed7225e1a2ca08c1b898ac3e3d') in 0.020963 seconds 
  Import took 0.023611 seconds .

========================================================================
Received Import Request.
  Time since last request: 4.619854 seconds.
  path: Assets/Prefabs/TitleCard.prefab
  artifactKey: Guid(9d19c09a634af1e4abaac51143369f53) Importer(815301076,1909f56bfc062723c751e8b465ee728b)
Start importing Assets/Prefabs/TitleCard.prefab using Guid(9d19c09a634af1e4abaac51143369f53) Importer(815301076,1909f56bfc062723c751e8b465ee728b)  -> (artifact id: 'f1df39ffbb51e9d880f7f385a8cb40d4') in 0.022811 seconds 
  Import took 0.025676 seconds .

========================================================================
Received Import Request.
  Time since last request: 2.401330 seconds.
  path: Assets/Prefabs/TitleCard.prefab
  artifactKey: Guid(9d19c09a634af1e4abaac51143369f53) Importer(815301076,1909f56bfc062723c751e8b465ee728b)
Start importing Assets/Prefabs/TitleCard.prefab using Guid(9d19c09a634af1e4abaac51143369f53) Importer(815301076,1909f56bfc062723c751e8b465ee728b)  -> (artifact id: '3d5206dd7b9af170f171b34bc178961d') in 0.024050 seconds 
  Import took 0.027000 seconds .

========================================================================
Received Import Request.
  Time since last request: 9.073121 seconds.
  path: Assets/Prefabs/TitleCard.prefab
  artifactKey: Guid(9d19c09a634af1e4abaac51143369f53) Importer(815301076,1909f56bfc062723c751e8b465ee728b)
Start importing Assets/Prefabs/TitleCard.prefab using Guid(9d19c09a634af1e4abaac51143369f53) Importer(815301076,1909f56bfc062723c751e8b465ee728b)  -> (artifact id: '275aba166169bb9d64ae911a854b688f') in 0.022458 seconds 
  Import took 0.025321 seconds .

========================================================================
Received Import Request.
  Time since last request: 60.045793 seconds.
  path: Assets/Prefabs/TitleCard.prefab
  artifactKey: Guid(9d19c09a634af1e4abaac51143369f53) Importer(815301076,1909f56bfc062723c751e8b465ee728b)
Start importing Assets/Prefabs/TitleCard.prefab using Guid(9d19c09a634af1e4abaac51143369f53) Importer(815301076,1909f56bfc062723c751e8b465ee728b)  -> (artifact id: 'b161a2224035b3f68b0052a2d8ba24bf') in 0.025751 seconds 
  Import took 0.028731 seconds .

========================================================================
Received Import Request.
  Time since last request: 0.002789 seconds.
  path: Assets/Prefabs/TitleCard.prefab
  artifactKey: Guid(9d19c09a634af1e4abaac51143369f53) Importer(815301076,1909f56bfc062723c751e8b465ee728b)
Start importing Assets/Prefabs/TitleCard.prefab using Guid(9d19c09a634af1e4abaac51143369f53) Importer(815301076,1909f56bfc062723c751e8b465ee728b)  -> (artifact id: 'b161a2224035b3f68b0052a2d8ba24bf') in 0.022678 seconds 
  Import took 0.025472 seconds .

========================================================================
Received Import Request.
  Time since last request: 2.947684 seconds.
  path: Assets/Prefabs/TitleCard.prefab
  artifactKey: Guid(9d19c09a634af1e4abaac51143369f53) Importer(815301076,1909f56bfc062723c751e8b465ee728b)
Start importing Assets/Prefabs/TitleCard.prefab using Guid(9d19c09a634af1e4abaac51143369f53) Importer(815301076,1909f56bfc062723c751e8b465ee728b)  -> (artifact id: '9f222a47f52bf93e5e11324868baf534') in 0.021979 seconds 
  Import took 0.025047 seconds .

========================================================================
Received Import Request.
  Time since last request: 19.012033 seconds.
  path: Assets/Textures
  artifactKey: Guid(21c070ab8845eed4abc2c8eec398d662) Importer(815301076,1909f56bfc062723c751e8b465ee728b)
Start importing Assets/Textures using Guid(21c070ab8845eed4abc2c8eec398d662) Importer(815301076,1909f56bfc062723c751e8b465ee728b)  -> (artifact id: '3f7c5934c442c778a1fe7472985f8cd4') in 0.005825 seconds 
  Import took 0.008555 seconds .

========================================================================
Received Import Request.
  Time since last request: 5.555939 seconds.
  path: Assets/Textures/Sprites
  artifactKey: Guid(24c4ea912a081eb40bf1bb401049113e) Importer(815301076,1909f56bfc062723c751e8b465ee728b)
Start importing Assets/Textures/Sprites using Guid(24c4ea912a081eb40bf1bb401049113e) Importer(815301076,1909f56bfc062723c751e8b465ee728b)  -> (artifact id: '945a02b74166227dadfacc7d4645d27f') in 0.005420 seconds 
  Import took 0.007915 seconds .

========================================================================
Received Import Request.
  Time since last request: 38.161532 seconds.
  path: Assets/Textures/Sprites/659b67050d08b305ee74aa825d1bd764.jpg
  artifactKey: Guid(36bb17a4cb2778c499c2f286bd66675e) Importer(815301076,1909f56bfc062723c751e8b465ee728b)
Start importing Assets/Textures/Sprites/659b67050d08b305ee74aa825d1bd764.jpg using Guid(36bb17a4cb2778c499c2f286bd66675e) Importer(815301076,1909f56bfc062723c751e8b465ee728b)  -> (artifact id: 'a9beb4c40454c8767e2d8939e64fbaa1') in 0.042958 seconds 
  Import took 0.045678 seconds .

========================================================================
Received Import Request.
  Time since last request: 5.396278 seconds.
  path: Assets/Textures/Sprites/Galaxy.jpg
  artifactKey: Guid(36bb17a4cb2778c499c2f286bd66675e) Importer(815301076,1909f56bfc062723c751e8b465ee728b)
Start importing Assets/Textures/Sprites/Galaxy.jpg using Guid(36bb17a4cb2778c499c2f286bd66675e) Importer(815301076,1909f56bfc062723c751e8b465ee728b)  -> (artifact id: '80ab12cf89f52600fad725be98142a6d') in 0.014356 seconds 
  Import took 0.017297 seconds .

========================================================================
Received Import Request.
  Time since last request: 0.001200 seconds.
  path: Assets/Textures/Sprites/Galaxy.jpg
  artifactKey: Guid(36bb17a4cb2778c499c2f286bd66675e) Importer(815301076,1909f56bfc062723c751e8b465ee728b)
Start importing Assets/Textures/Sprites/Galaxy.jpg using Guid(36bb17a4cb2778c499c2f286bd66675e) Importer(815301076,1909f56bfc062723c751e8b465ee728b)  -> (artifact id: '80ab12cf89f52600fad725be98142a6d') in 0.010980 seconds 
  Import took 0.013558 seconds .

========================================================================
Received Import Request.
  Time since last request: 5.871942 seconds.
  path: Assets/Textures/Sprites/Galaxy.jpg
  artifactKey: Guid(36bb17a4cb2778c499c2f286bd66675e) Importer(815301076,1909f56bfc062723c751e8b465ee728b)
Start importing Assets/Textures/Sprites/Galaxy.jpg using Guid(36bb17a4cb2778c499c2f286bd66675e) Importer(815301076,1909f56bfc062723c751e8b465ee728b)  -> (artifact id: '576b30187c934fbd9b61d71b6c4b352a') in 0.028149 seconds 
  Import took 0.031588 seconds .

========================================================================
Received Import Request.
  Time since last request: 581.975491 seconds.
  path: Assets/Prefabs/TitleCard.prefab
  artifactKey: Guid(9d19c09a634af1e4abaac51143369f53) Importer(815301076,1909f56bfc062723c751e8b465ee728b)
Start importing Assets/Prefabs/TitleCard.prefab using Guid(9d19c09a634af1e4abaac51143369f53) Importer(815301076,1909f56bfc062723c751e8b465ee728b)  -> (artifact id: 'e7cd6cc609c3a6adc9348a43cf8c193c') in 0.029986 seconds 
  Import took 0.033208 seconds .

========================================================================
Received Import Request.
  Time since last request: 4.930454 seconds.
  path: Assets/Prefabs/UI
  artifactKey: Guid(c2617afb4b7c37640a643cb95ab921b6) Importer(815301076,1909f56bfc062723c751e8b465ee728b)
Start importing Assets/Prefabs/UI using Guid(c2617afb4b7c37640a643cb95ab921b6) Importer(815301076,1909f56bfc062723c751e8b465ee728b)  -> (artifact id: 'e56494d3a64354224826841c10154edb') in 0.005405 seconds 
  Import took 0.008392 seconds .

========================================================================
Received Import Request.
  Time since last request: 4.160455 seconds.
  path: Assets/Prefabs/UI/TitleCard 1.prefab
  artifactKey: Guid(69a5292b47ac4e647a1bc614524e5f2c) Importer(815301076,1909f56bfc062723c751e8b465ee728b)
Start importing Assets/Prefabs/UI/TitleCard 1.prefab using Guid(69a5292b47ac4e647a1bc614524e5f2c) Importer(815301076,1909f56bfc062723c751e8b465ee728b)  -> (artifact id: '88c6221c46b8834491a8ee2b6a4ccbde') in 0.026914 seconds 
  Import took 0.029684 seconds .

========================================================================
Received Import Request.
  Time since last request: 8.456527 seconds.
  path: Assets/Prefabs/UI/LoosingScreen.prefab
  artifactKey: Guid(69a5292b47ac4e647a1bc614524e5f2c) Importer(815301076,1909f56bfc062723c751e8b465ee728b)
Start importing Assets/Prefabs/UI/LoosingScreen.prefab using Guid(69a5292b47ac4e647a1bc614524e5f2c) Importer(815301076,1909f56bfc062723c751e8b465ee728b)  -> (artifact id: '04000fb284b75ad56950fb56daf7faae') in 0.026393 seconds 
  Import took 0.028993 seconds .

========================================================================
Received Import Request.
  Time since last request: 27.890785 seconds.
  path: Assets/Prefabs/UI/EndScreen.prefab
  artifactKey: Guid(69a5292b47ac4e647a1bc614524e5f2c) Importer(815301076,1909f56bfc062723c751e8b465ee728b)
Start importing Assets/Prefabs/UI/EndScreen.prefab using Guid(69a5292b47ac4e647a1bc614524e5f2c) Importer(815301076,1909f56bfc062723c751e8b465ee728b)  -> (artifact id: '23abb3f0835f73487782d26d280f5280') in 0.026331 seconds 
  Import took 0.028996 seconds .

========================================================================
Received Import Request.
  Time since last request: 16.450354 seconds.
  path: Assets/Prefabs/UI/EndScreen.prefab
  artifactKey: Guid(69a5292b47ac4e647a1bc614524e5f2c) Importer(815301076,1909f56bfc062723c751e8b465ee728b)
Start importing Assets/Prefabs/UI/EndScreen.prefab using Guid(69a5292b47ac4e647a1bc614524e5f2c) Importer(815301076,1909f56bfc062723c751e8b465ee728b)  -> (artifact id: '2ea1484a1a0705931c03bbc474e17954') in 0.021717 seconds 
  Import took 0.024731 seconds .

========================================================================
Received Import Request.
  Time since last request: 9.863152 seconds.
  path: Assets/Prefabs/UI/EndScreen.prefab
  artifactKey: Guid(69a5292b47ac4e647a1bc614524e5f2c) Importer(815301076,1909f56bfc062723c751e8b465ee728b)
Start importing Assets/Prefabs/UI/EndScreen.prefab using Guid(69a5292b47ac4e647a1bc614524e5f2c) Importer(815301076,1909f56bfc062723c751e8b465ee728b)  -> (artifact id: '6228eb91b8c0d80ec37060b0c6eb15c4') in 0.021260 seconds 
  Import took 0.023963 seconds .

========================================================================
Received Import Request.
  Time since last request: 6.370083 seconds.
  path: Assets/Prefabs/UI/EndScreen.prefab
  artifactKey: Guid(69a5292b47ac4e647a1bc614524e5f2c) Importer(815301076,1909f56bfc062723c751e8b465ee728b)
Start importing Assets/Prefabs/UI/EndScreen.prefab using Guid(69a5292b47ac4e647a1bc614524e5f2c) Importer(815301076,1909f56bfc062723c751e8b465ee728b)  -> (artifact id: '18455b75d84d769ea6986799af01bda3') in 0.041537 seconds 
  Import took 0.044926 seconds .

========================================================================
Received Import Request.
  Time since last request: 0.004311 seconds.
  path: Assets/Prefabs/UI/EndScreen.prefab
  artifactKey: Guid(69a5292b47ac4e647a1bc614524e5f2c) Importer(815301076,1909f56bfc062723c751e8b465ee728b)
Start importing Assets/Prefabs/UI/EndScreen.prefab using Guid(69a5292b47ac4e647a1bc614524e5f2c) Importer(815301076,1909f56bfc062723c751e8b465ee728b)  -> (artifact id: '18455b75d84d769ea6986799af01bda3') in 0.032432 seconds 
  Import took 0.035218 seconds .

========================================================================
Received Import Request.
  Time since last request: 10.697834 seconds.
  path: Assets/Prefabs/UI/EndScreen.prefab
  artifactKey: Guid(69a5292b47ac4e647a1bc614524e5f2c) Importer(815301076,1909f56bfc062723c751e8b465ee728b)
Start importing Assets/Prefabs/UI/EndScreen.prefab using Guid(69a5292b47ac4e647a1bc614524e5f2c) Importer(815301076,1909f56bfc062723c751e8b465ee728b)  -> (artifact id: 'a440f644bbe53c2f269aa956074d23cc') in 0.024842 seconds 
  Import took 0.027578 seconds .

AssetImportWorkerClient::OnTransportError - code=2 error=End of file
